[04/01/20 19:16:10] Sistema: EMPIEZA
[04/01/20 19:16:29] Solicitud 1: Acabo de entrar en el sistema, soy de tipo Invitación.
[04/01/20 19:16:29] Solicitud 2: Acabo de entrar en el sistema, soy de tipo QR.
[04/01/20 19:16:29] Atendedor 3: Estoy atendiendo a la solicitud 1.
[04/01/20 19:16:29] Atendedor 3: Ya he acabado de atender a la solicitud 1, que tiene todo en regla.
[04/01/20 19:16:29] Atendedor 2: Estoy atendiendo a la solicitud 2.
[04/01/20 19:16:29] Atendedor 2: Ya he acabado de atender a la solicitud 2, que tiene todo en regla.
[04/01/20 19:16:30] Solicitud 3: Acabo de entrar en el sistema, soy de tipo Invitación.
[04/01/20 19:16:30] Solicitud 4: Acabo de entrar en el sistema, soy de tipo QR.
[04/01/20 19:16:30] Atendedor 1: Estoy atendiendo a la solicitud 3.
[04/01/20 19:16:30] Atendedor 1: Ya he acabado de atender a la solicitud 3, que tiene todo en regla.
[04/01/20 19:16:31] Solicitud 5: Acabo de entrar en el sistema, soy de tipo Invitación.
[04/01/20 19:16:31] Solicitud 6: Acabo de entrar en el sistema, soy de tipo QR.
[04/01/20 19:16:31] Atendedor 3: Estoy atendiendo a la solicitud 4.
[04/01/20 19:16:31] Atendedor 3: Ya he acabado de atender a la solicitud 4, que tiene todo en regla.
[04/01/20 19:16:32] Solicitud 7: Acabo de entrar en el sistema, soy de tipo Invitación.
[04/01/20 19:16:32] Solicitud 8: Acabo de entrar en el sistema, soy de tipo QR.
[04/01/20 19:16:32] Atendedor 2: Estoy atendiendo a la solicitud 6.
[04/01/20 19:16:32] Atendedor 2: Ya he acabado de atender a la solicitud 6, que tiene todo en regla.
[04/01/20 19:16:33] Solicitud 1: Estoy lista para participar en la actividad social.
[04/01/20 19:16:33] Solicitud 9: Acabo de entrar en el sistema, soy de tipo Invitación.
[04/01/20 19:16:33] Solicitud 10: Acabo de entrar en el sistema, soy de tipo QR.
[04/01/20 19:16:33] Atendedor 2: Estoy atendiendo a la solicitud 8.
[04/01/20 19:16:33] Atendedor 2: Ya he acabado de atender a la solicitud 8, que tiene todo en regla.
[04/01/20 19:16:33] Atendedor 1: Estoy atendiendo a la solicitud 5.
[04/01/20 19:16:33] Atendedor 1: Ya he acabado de atender a la solicitud 5, que tiene todo en regla.
[04/01/20 19:16:34] Solicitud 3: Estoy lista para participar en la actividad social.
[04/01/20 19:16:34] Solicitud 11: Acabo de entrar en el sistema, soy de tipo Invitación.
[04/01/20 19:16:34] Solicitud 12: Acabo de entrar en el sistema, soy de tipo QR.
[04/01/20 19:16:34] Atendedor 3: Estoy atendiendo a la solicitud 9.
[04/01/20 19:16:34] Atendedor 3: Ya he acabado de atender a la solicitud 9, que tiene todo en regla.
[04/01/20 19:16:34] Atendedor 1: Estoy atendiendo a la solicitud 11.
[04/01/20 19:16:34] Atendedor 1: Ya he acabado de atender a la solicitud 11, que tiene todo en regla.
[04/01/20 19:16:35] Solicitud 2: No quiero participar en ninguna actividad social, así que me voy.
[04/01/20 19:16:35] Solicitud 4: No quiero participar en ninguna actividad social, así que me voy.
[04/01/20 19:16:35] Solicitud 6: He sido descartada
[04/01/20 19:16:35] Solicitud 13: Acabo de entrar en el sistema, soy de tipo Invitación.
[04/01/20 19:16:35] Solicitud 14: Acabo de entrar en el sistema, soy de tipo QR.
[04/01/20 19:16:35] Atendedor 1: Estoy atendiendo a la solicitud 13.
[04/01/20 19:16:35] Atendedor 1: Ya he acabado de atender a la solicitud 13, que tiene todo en regla.
[04/01/20 19:16:36] Solicitud 5: Estoy lista para participar en la actividad social.
[04/01/20 19:16:36] Solicitud 8: No quiero participar en ninguna actividad social, así que me voy.
[04/01/20 19:16:36] Solicitud 15: Acabo de entrar en el sistema, soy de tipo Invitación.
[04/01/20 19:16:36] Atendedor 2: Estoy atendiendo a la solicitud 10.
[04/01/20 19:16:36] Atendedor 2: Ya he acabado de atender a la solicitud 10, que tiene todo en regla.
[04/01/20 19:16:36] Atendedor 1: Estoy atendiendo a la solicitud 12.
[04/01/20 19:16:36] Atendedor 1: Ya he acabado de atender a la solicitud 12, que tiene todo en regla.
[04/01/20 19:16:37] Solicitud 7: No quiero participar en ninguna actividad social, así que me voy.
[04/01/20 19:16:37] Solicitud 16: Acabo de entrar en el sistema, soy de tipo Invitación.
[04/01/20 19:16:37] Atendedor 3: Estoy atendiendo a la solicitud 16.
[04/01/20 19:16:37] Atendedor 3: Ya he acabado de atender a la solicitud 16, que tiene todo en regla.
[04/01/20 19:16:38] Solicitud 12: He sido descartada
[04/01/20 19:16:38] Solicitud 17: Acabo de entrar en el sistema, soy de tipo Invitación.
[04/01/20 19:16:38] Atendedor 1: Voy a tomar un cafe, llevo 5
[04/01/20 19:16:41] Solicitud 16: Estoy lista para participar en la actividad social.
[04/01/20 19:16:41] Coordinador: La actividad puede comenzar
[04/01/20 19:16:42] Solicitud 14: He sido descartada
[04/01/20 19:16:43] Solicitud 9: He sido descartada
[04/01/20 19:16:43] Solicitud 10: He sido descartada
[04/01/20 19:16:44] Coordinador: La actividad ha finalizado
[04/01/20 19:16:46] Sistema: Ha llegado la senial de fin de programa.
[04/01/20 19:16:48] Solicitud 13: He sido descartada
[04/01/20 19:16:48] Atendedor 3: Me autodestruyo
[04/01/20 19:16:48] Atendedor 2: Me autodestruyo
[04/01/20 19:16:48] Atendedor 1: Ya he tomado el cafe
[04/01/20 19:16:48] Atendedor 1: Me autodestruyo
[04/01/20 19:16:48] Sistema: El coordinador ha fallecido
[04/01/20 19:16:48] Sistema: Se ha acabado el programa
----------------------------------------------------

[04/01/20 19:18:48] Sistema: EMPIEZA
[04/01/20 19:19:46] Solicitud 1: Acabo de entrar en el sistema, soy de tipo Invitación.
[04/01/20 19:19:46] Atendedor 2: Estoy atendiendo a la solicitud 1.
[04/01/20 19:19:46] Atendedor 2: Ya he acabado de atender a la solicitud 1, que tiene todo en regla.
[04/01/20 19:19:47] Solicitud 2: Acabo de entrar en el sistema, soy de tipo QR.
[04/01/20 19:19:47] Atendedor 3: Estoy atendiendo a la solicitud 2.
[04/01/20 19:19:47] Atendedor 3: Ya he acabado de atender a la solicitud 2, que tiene todo en regla.
[04/01/20 19:19:48] Solicitud 3: Acabo de entrar en el sistema, soy de tipo Invitación.
[04/01/20 19:19:48] Atendedor 3: Estoy atendiendo a la solicitud 3.
[04/01/20 19:19:48] Atendedor 3: Ya he acabado de atender a la solicitud 3, que tiene todo en regla.
[04/01/20 19:19:49] Solicitud 4: Acabo de entrar en el sistema, soy de tipo QR.
[04/01/20 19:19:49] Atendedor 1: Estoy atendiendo a la solicitud 4.
[04/01/20 19:19:49] Atendedor 1: Ya he acabado de atender a la solicitud 4, que tiene todo en regla.
[04/01/20 19:19:50] Solicitud 1: No quiero participar en ninguna actividad social, así que me voy.
[04/01/20 19:19:50] Solicitud 5: Acabo de entrar en el sistema, soy de tipo Invitación.
[04/01/20 19:19:50] Atendedor 2: Estoy atendiendo a la solicitud 5.
[04/01/20 19:19:50] Atendedor 2: Ya he acabado de atender a la solicitud 5, que tiene todo en regla.
[04/01/20 19:19:51] Sistema: Ha llegado la senial de fin de programa.
[04/01/20 19:19:53] Solicitud 3: Estoy lista para participar en la actividad social.
[04/01/20 19:19:53] Solicitud 3: Me autodestruyo debido a que se ha dado la orden de acabar el programa.
[04/01/20 19:22:47] Sistema: EMPIEZA
[04/01/20 19:23:06] Solicitud 1: Acabo de entrar en el sistema, soy de tipo Invitación.
[04/01/20 19:23:06] Atendedor 2: Estoy atendiendo a la solicitud 1.
[04/01/20 19:23:06] Atendedor 2: Ya he acabado de atender a la solicitud 1, que tiene todo en regla.
[04/01/20 19:23:10] Solicitud 1: Estoy lista para participar en la actividad social.
[04/01/20 19:23:38] Sistema: EMPIEZA
[04/01/20 19:24:56] Sistema: EMPIEZA
[04/01/20 19:24:57] Sistema: Ha llegado la senial de fin de programa.
[04/01/20 19:24:58] Atendedor 2: Me autodestruyo
[04/01/20 19:24:58] Atendedor 3: Me autodestruyo
[04/01/20 19:24:58] Atendedor 1: Me autodestruyo
[04/01/20 19:24:58] Sistema: El coordinador ha fallecido
[04/01/20 19:24:58] Sistema: Se ha acabado el programa
----------------------------------------------------

[04/01/20 19:25:40] Sistema: EMPIEZA
[04/01/20 19:26:13] Solicitud 1: Acabo de entrar en el sistema, soy de tipo Invitación.
[04/01/20 19:26:13] Atendedor 3: Estoy atendiendo a la solicitud 1.
[04/01/20 19:26:13] Atendedor 3: Ya he acabado de atender a la solicitud 1, que tiene antecedentes.
[04/01/20 19:26:15] Solicitud 2: Acabo de entrar en el sistema, soy de tipo Invitación.
[04/01/20 19:26:15] Atendedor 2: Estoy atendiendo a la solicitud 2.
[04/01/20 19:26:15] Atendedor 2: Ya he acabado de atender a la solicitud 2, que tiene todo en regla.
[04/01/20 19:26:16] Solicitud 3: Acabo de entrar en el sistema, soy de tipo Invitación.
[04/01/20 19:26:16] Atendedor 1: Estoy atendiendo a la solicitud 3.
[04/01/20 19:26:16] Atendedor 1: Ya he acabado de atender a la solicitud 3, que tiene todo en regla.
[04/01/20 19:26:19] Solicitud 2: Estoy lista para participar en la actividad social.
[04/01/20 19:26:19] Solicitud 4: Acabo de entrar en el sistema, soy de tipo QR.
[04/01/20 19:26:19] Atendedor 2: Estoy atendiendo a la solicitud 4.
[04/01/20 19:26:19] Atendedor 2: Ya he acabado de atender a la solicitud 4, que tiene antecedentes.
[04/01/20 19:26:20] Solicitud 5: Acabo de entrar en el sistema, soy de tipo QR.
[04/01/20 19:26:20] Solicitud 6: Acabo de entrar en el sistema, soy de tipo QR.
[04/01/20 19:26:20] Atendedor 1: Estoy atendiendo a la solicitud 5.
[04/01/20 19:26:20] Atendedor 1: Ya he acabado de atender a la solicitud 5, que tiene todo en regla.
[04/01/20 19:26:21] Solicitud 3: Como no puedo participar en ninguna actividad social, me voy.
[04/01/20 19:26:23] Solicitud 1: Como no puedo participar en ninguna actividad social, me voy.
[04/01/20 19:26:23] Solicitud 4: No quiero participar en ninguna actividad social, así que me voy.
[04/01/20 19:26:24] Solicitud 5: He sido descartada
[04/01/20 19:26:24] Solicitud 6: He sido descartada
[04/01/20 19:26:55] Sistema: Ha llegado la senial de fin de programa.
[04/01/20 19:26:56] Atendedor 3: Me autodestruyo
[04/01/20 19:26:56] Atendedor 2: Me autodestruyo
[04/01/20 19:26:56] Atendedor 1: Me autodestruyo
[04/01/20 19:26:56] Sistema: El coordinador ha fallecido
[04/01/20 19:26:56] Sistema: Se ha acabado el programa
----------------------------------------------------

[04/01/20 19:28:20] Sistema: EMPIEZA
[04/01/20 19:28:35] Solicitud 1: Acabo de entrar en el sistema, soy de tipo Invitación.
[04/01/20 19:28:36] Atendedor 1: Estoy atendiendo a la solicitud 1.
[04/01/20 19:28:36] Atendedor 1: Ya he acabado de atender a la solicitud 1, que tiene todo en regla.
[04/01/20 19:28:37] Solicitud 2: Acabo de entrar en el sistema, soy de tipo Invitación.
[04/01/20 19:28:37] Solicitud 3: Acabo de entrar en el sistema, soy de tipo Invitación.
[04/01/20 19:28:38] Solicitud 4: Acabo de entrar en el sistema, soy de tipo Invitación.
[04/01/20 19:28:38] Atendedor 3: Estoy atendiendo a la solicitud 2.
[04/01/20 19:28:38] Atendedor 3: Ya he acabado de atender a la solicitud 2, que tiene todo en regla.
[04/01/20 19:28:38] Atendedor 2: Estoy atendiendo a la solicitud 3.
[04/01/20 19:28:38] Atendedor 2: Ya he acabado de atender a la solicitud 3, que tiene todo en regla.
[04/01/20 19:28:38] Solicitud 5: Acabo de entrar en el sistema, soy de tipo Invitación.
[04/01/20 19:28:38] Solicitud 6: Acabo de entrar en el sistema, soy de tipo Invitación.
[04/01/20 19:28:39] Solicitud 7: Acabo de entrar en el sistema, soy de tipo Invitación.
[04/01/20 19:28:39] Solicitud 8: Acabo de entrar en el sistema, soy de tipo Invitación.
[04/01/20 19:28:40] Solicitud 9: Acabo de entrar en el sistema, soy de tipo Invitación.
[04/01/20 19:28:40] Atendedor 1: Estoy atendiendo a la solicitud 4.
[04/01/20 19:28:40] Atendedor 1: Ya he acabado de atender a la solicitud 4, que tiene todo en regla.
[04/01/20 19:28:40] Atendedor 3: Estoy atendiendo a la solicitud 5.
[04/01/20 19:28:40] Atendedor 3: Ya he acabado de atender a la solicitud 5, que tiene todo en regla.
[04/01/20 19:28:40] Solicitud 10: Acabo de entrar en el sistema, soy de tipo Invitación.
[04/01/20 19:28:40] Solicitud 11: Acabo de entrar en el sistema, soy de tipo Invitación.
[04/01/20 19:28:40] Solicitud 1: Estoy lista para participar en la actividad social.
[04/01/20 19:28:41] Solicitud 12: Acabo de entrar en el sistema, soy de tipo Invitación.
[04/01/20 19:28:41] Solicitud 13: Acabo de entrar en el sistema, soy de tipo Invitación.
[04/01/20 19:28:41] Solicitud 14: Acabo de entrar en el sistema, soy de tipo Invitación.
[04/01/20 19:28:42] Atendedor 2: Estoy atendiendo a la solicitud 6.
[04/01/20 19:28:42] Atendedor 2: Ya he acabado de atender a la solicitud 6, que tiene todo en regla.
[04/01/20 19:28:42] Atendedor 3: Estoy atendiendo a la solicitud 7.
[04/01/20 19:28:42] Atendedor 3: Ya he acabado de atender a la solicitud 7, que tiene todo en regla.
[04/01/20 19:28:42] Solicitud 15: Acabo de entrar en el sistema, soy de tipo Invitación.
[04/01/20 19:28:42] Solicitud 5: No quiero participar en ninguna actividad social, así que me voy.
[04/01/20 19:28:42] Solicitud 16: Acabo de entrar en el sistema, soy de tipo Invitación.
[04/01/20 19:28:42] Solicitud 3: Estoy lista para participar en la actividad social.
[04/01/20 19:28:42] Solicitud 17: Acabo de entrar en el sistema, soy de tipo Invitación.
[04/01/20 19:28:43] Atendedor 1: Estoy atendiendo a la solicitud 8.
[04/01/20 19:28:43] Atendedor 1: Ya he acabado de atender a la solicitud 8, que tiene todo en regla.
[04/01/20 19:28:43] Solicitud 18: Acabo de entrar en el sistema, soy de tipo Invitación.
[04/01/20 19:28:43] Solicitud 7: He sido descartada
[04/01/20 19:28:43] Solicitud 2: Estoy lista para participar en la actividad social.
[04/01/20 19:28:43] Solicitud 19: Acabo de entrar en el sistema, soy de tipo Invitación.
[04/01/20 19:28:43] Solicitud 20: Acabo de entrar en el sistema, soy de tipo Invitación.
[04/01/20 19:28:44] Solicitud 4: Estoy lista para participar en la actividad social.
[04/01/20 19:28:44] Coordinador: La actividad puede comenzar
[04/01/20 19:28:44] Solicitud 21: Acabo de entrar en el sistema, soy de tipo Invitación.
[04/01/20 19:28:44] Sistema: La solicitud no ha podido entrar porque la cola estaba llena
[04/01/20 19:28:45] Sistema: La solicitud no ha podido entrar porque la cola estaba llena
[04/01/20 19:28:45] Sistema: La solicitud no ha podido entrar porque la cola estaba llena
[04/01/20 19:28:45] Solicitud 13: He sido descartada
[04/01/20 19:28:45] Solicitud 22: Acabo de entrar en el sistema, soy de tipo Invitación.
[04/01/20 19:28:45] Solicitud 6: Estoy lista para participar en la actividad social.
[04/01/20 19:28:46] Sistema: La solicitud no ha podido entrar porque la cola estaba llena
[04/01/20 19:28:46] Sistema: La solicitud no ha podido entrar porque la cola estaba llena
[04/01/20 19:28:46] Solicitud 8: He sido descartada
[04/01/20 19:28:46] Solicitud 23: Acabo de entrar en el sistema, soy de tipo Invitación.
[04/01/20 19:28:46] Solicitud 17: He sido descartada
[04/01/20 19:28:47] Solicitud 24: Acabo de entrar en el sistema, soy de tipo Invitación.
[04/01/20 19:28:47] Coordinador: La actividad ha finalizado
[04/01/20 19:28:47] Atendedor 1: Estoy atendiendo a la solicitud 9.
[04/01/20 19:28:47] Atendedor 1: Ya he acabado de atender a la solicitud 9, que tiene todo en regla.
[04/01/20 19:28:47] Atendedor 2: Estoy atendiendo a la solicitud 10.
[04/01/20 19:28:47] Atendedor 2: Ya he acabado de atender a la solicitud 10, que tiene antecedentes.
[04/01/20 19:28:47] Atendedor 3: Estoy atendiendo a la solicitud 15.
[04/01/20 19:28:47] Atendedor 3: Ya he acabado de atender a la solicitud 15, que tiene todo en regla.
[04/01/20 19:28:47] Solicitud 10: He sido descartada
[04/01/20 19:28:48] Atendedor 3: Estoy atendiendo a la solicitud 18.
[04/01/20 19:28:48] Atendedor 3: Ya he acabado de atender a la solicitud 18, que tiene todo en regla.
[04/01/20 19:28:48] Solicitud 25: Acabo de entrar en el sistema, soy de tipo Invitación.
[04/01/20 19:28:50] Atendedor 1: Estoy atendiendo a la solicitud 19.
[04/01/20 19:28:50] Atendedor 1: Ya he acabado de atender a la solicitud 19, que tiene todo en regla.
[04/01/20 19:28:50] Solicitud 23: He sido descartada
[04/01/20 19:28:52] Atendedor 1: Voy a tomar un cafe, llevo 5
[04/01/20 19:28:52] Atendedor 3: Voy a tomar un cafe, llevo 5
[04/01/20 19:28:52] Solicitud 16: He sido descartada
[04/01/20 19:28:54] Solicitud 14: He sido descartada
[04/01/20 19:28:56] Solicitud 19: He sido descartada
[04/01/20 19:28:56] Solicitud 20: He sido descartada
[04/01/20 19:28:57] Solicitud 24: He sido descartada
[04/01/20 19:28:57] Atendedor 2: Estoy atendiendo a la solicitud 21.
[04/01/20 19:28:57] Atendedor 2: Ya he acabado de atender a la solicitud 21, que tiene antecedentes.
[04/01/20 19:28:57] Solicitud 12: He sido descartada
[04/01/20 19:29:00] Solicitud 21: He sido descartada
[04/01/20 19:29:02] Atendedor 1: Ya he tomado el cafe
[04/01/20 19:29:02] Atendedor 1: Estoy atendiendo a la solicitud 22.
[04/01/20 19:29:02] Atendedor 1: Ya he acabado de atender a la solicitud 22, que tiene todo en regla.
[04/01/20 19:29:02] Atendedor 3: Ya he tomado el cafe
[04/01/20 19:29:02] Atendedor 3: Estoy atendiendo a la solicitud 25.
[04/01/20 19:29:02] Atendedor 3: Ya he acabado de atender a la solicitud 25, que tiene antecedentes.
[04/01/20 19:29:02] Solicitud 18: He sido descartada
[04/01/20 19:29:05] Solicitud 11: He sido descartada
[04/01/20 19:29:10] Solicitud 25: He sido descartada
[04/01/20 19:29:16] Solicitud 15: He sido descartada
[04/01/20 19:29:22] Solicitud 22: He sido descartada
[04/01/20 19:29:50] Solicitud 9: He sido descartada
[04/01/20 19:31:40] Sistema: Ha llegado la senial de fin de programa.
[04/01/20 19:31:41] Atendedor 1: Me autodestruyo
[04/01/20 19:31:41] Atendedor 2: Me autodestruyo
[04/01/20 19:31:41] Atendedor 3: Me autodestruyo
[04/01/20 19:31:41] Sistema: El coordinador ha fallecido
[04/01/20 19:31:41] Sistema: Se ha acabado el programa
----------------------------------------------------

[04/01/20 19:32:04] Sistema: Ya se esta trabajando en finalizar el programa.
[04/01/20 19:32:04] Sistema: Ya se esta trabajando en finalizar el programa.
[04/01/20 19:32:05] Sistema: Ya se esta trabajando en finalizar el programa.
[04/01/20 19:32:05] Sistema: Ya se esta trabajando en finalizar el programa.
[04/01/20 19:32:06] Sistema: Ya se esta trabajando en finalizar el programa.
[04/01/20 19:32:06] Sistema: Ya se esta trabajando en finalizar el programa.
[04/01/20 19:32:06] Sistema: Ya se esta trabajando en finalizar el programa.
[04/01/20 19:32:07] Sistema: Ya se esta trabajando en finalizar el programa.
[04/01/20 19:32:07] Sistema: Ya se esta trabajando en finalizar el programa.
[04/01/20 19:32:07] Sistema: Ya se esta trabajando en finalizar el programa.
[04/01/20 19:32:07] Sistema: Ya se esta trabajando en finalizar el programa.
[04/01/20 19:32:07] Sistema: Ya se esta trabajando en finalizar el programa.
[04/01/20 19:32:08] Sistema: Ya se esta trabajando en finalizar el programa.
[04/01/20 19:32:08] Sistema: Ya se esta trabajando en finalizar el programa.
[04/01/20 19:32:08] Sistema: Ya se esta trabajando en finalizar el programa.
[04/01/20 19:32:08] Sistema: Ya se esta trabajando en finalizar el programa.
[04/01/20 19:32:08] Sistema: Ya se esta trabajando en finalizar el programa.
[04/01/20 19:32:09] Sistema: Ya se esta trabajando en finalizar el programa.
[04/01/20 19:32:09] Sistema: Ya se esta trabajando en finalizar el programa.
[04/01/20 19:32:09] Sistema: Ya se esta trabajando en finalizar el programa.
[04/01/20 19:32:09] Sistema: Ya se esta trabajando en finalizar el programa.
[04/01/20 19:32:09] Sistema: Ya se esta trabajando en finalizar el programa.
[04/01/20 19:32:09] Sistema: Ya se esta trabajando en finalizar el programa.
[04/01/20 19:32:10] Sistema: Ya se esta trabajando en finalizar el programa.
[04/01/20 19:36:20] Sistema: EMPIEZA
[04/01/20 19:36:38] Solicitud 1: Acabo de entrar en el sistema, soy de tipo Invitación.
[04/01/20 19:36:39] Atendedor 1: Estoy atendiendo a la solicitud 1.
[04/01/20 19:36:39] Atendedor 1: Ya he acabado de atender a la solicitud 1, que tiene todo en regla.
[04/01/20 19:36:42] Solicitud 1: Estoy lista para participar en la actividad social.
[04/01/20 19:38:51] Sistema: Ha llegado la senial de fin de programa.
[04/01/20 19:38:52] Atendedor 1: Me autodestruyo
[04/01/20 19:38:52] Atendedor 2: Me autodestruyo
[04/01/20 19:38:52] Atendedor 3: Me autodestruyo
[04/01/20 19:38:52] Sistema: El coordinador ha fallecido
[04/01/20 19:38:52] Sistema: Se ha acabado el programa
----------------------------------------------------

[04/01/20 19:39:04] Sistema: EMPIEZA
[04/01/20 19:39:18] Solicitud 1: Acabo de entrar en el sistema, soy de tipo Invitación.
[04/01/20 19:39:19] Atendedor 1: Estoy atendiendo a la solicitud 1.
[04/01/20 19:39:19] Atendedor 1: Ya he acabado de atender a la solicitud 1, que tiene todo en regla.
[04/01/20 19:39:22] Solicitud 1: No quiero participar en ninguna actividad social, así que me voy.
[04/01/20 19:39:30] Sistema: Ha llegado la senial de fin de programa.
[04/01/20 19:39:31] Atendedor 3: Me autodestruyo
[04/01/20 19:39:31] Atendedor 1: Me autodestruyo
[04/01/20 19:40:28] Sistema: EMPIEZA
[04/01/20 19:40:57] Solicitud 1: Acabo de entrar en el sistema, soy de tipo Invitación.
[04/01/20 19:40:57] Solicitud 2: Acabo de entrar en el sistema, soy de tipo Invitación.
[04/01/20 19:40:58] Solicitud 3: Acabo de entrar en el sistema, soy de tipo Invitación.
[04/01/20 19:40:58] Atendedor 3: Estoy atendiendo a la solicitud 1.
[04/01/20 19:40:58] Atendedor 3: Ya he acabado de atender a la solicitud 1, que tiene todo en regla.
[04/01/20 19:40:58] Atendedor 2: Estoy atendiendo a la solicitud 2.
[04/01/20 19:40:58] Atendedor 2: Ya he acabado de atender a la solicitud 2, que tiene todo en regla.
[04/01/20 19:40:58] Atendedor 1: Estoy atendiendo a la solicitud 3.
[04/01/20 19:40:58] Atendedor 1: Ya he acabado de atender a la solicitud 3, que tiene todo en regla.
[04/01/20 19:40:58] Solicitud 4: Acabo de entrar en el sistema, soy de tipo Invitación.
[04/01/20 19:40:58] Solicitud 5: Acabo de entrar en el sistema, soy de tipo Invitación.
[04/01/20 19:40:58] Solicitud 6: Acabo de entrar en el sistema, soy de tipo Invitación.
[04/01/20 19:40:59] Atendedor 2: Estoy atendiendo a la solicitud 4.
[04/01/20 19:40:59] Atendedor 2: Ya he acabado de atender a la solicitud 4, que tiene todo en regla.
[04/01/20 19:40:59] Atendedor 1: Estoy atendiendo a la solicitud 5.
[04/01/20 19:40:59] Atendedor 1: Ya he acabado de atender a la solicitud 5, que tiene antecedentes.
[04/01/20 19:40:59] Solicitud 7: Acabo de entrar en el sistema, soy de tipo Invitación.
[04/01/20 19:40:59] Solicitud 8: Acabo de entrar en el sistema, soy de tipo Invitación.
[04/01/20 19:40:59] Solicitud 9: Acabo de entrar en el sistema, soy de tipo Invitación.
[04/01/20 19:41:00] Solicitud 10: Acabo de entrar en el sistema, soy de tipo Invitación.
[04/01/20 19:41:00] Atendedor 3: Estoy atendiendo a la solicitud 6.
[04/01/20 19:41:00] Atendedor 3: Ya he acabado de atender a la solicitud 6, que tiene todo en regla.
[04/01/20 19:41:00] Solicitud 11: Acabo de entrar en el sistema, soy de tipo Invitación.
[04/01/20 19:41:00] Solicitud 12: Acabo de entrar en el sistema, soy de tipo Invitación.
[04/01/20 19:41:00] Solicitud 13: Acabo de entrar en el sistema, soy de tipo Invitación.
[04/01/20 19:41:01] Atendedor 3: Estoy atendiendo a la solicitud 7.
[04/01/20 19:41:01] Atendedor 3: Ya he acabado de atender a la solicitud 7, que tiene errores en sus datos.
[04/01/20 19:41:01] Atendedor 2: Estoy atendiendo a la solicitud 8.
[04/01/20 19:41:01] Atendedor 2: Ya he acabado de atender a la solicitud 8, que tiene todo en regla.
[04/01/20 19:41:01] Solicitud 14: Acabo de entrar en el sistema, soy de tipo Invitación.
[04/01/20 19:41:01] Solicitud 1: Estoy lista para participar en la actividad social.
[04/01/20 19:41:01] Solicitud 15: Acabo de entrar en el sistema, soy de tipo Invitación.
[04/01/20 19:41:01] Solicitud 2: Estoy lista para participar en la actividad social.
[04/01/20 19:41:01] Solicitud 16: Acabo de entrar en el sistema, soy de tipo Invitación.
[04/01/20 19:41:02] Solicitud 17: Acabo de entrar en el sistema, soy de tipo Invitación.
[04/01/20 19:41:02] Solicitud 4: No quiero participar en ninguna actividad social, así que me voy.
[04/01/20 19:41:45] Sistema: EMPIEZA
[04/01/20 19:47:15] Sistema: Ha llegado la senial de fin de programa.
[04/01/20 19:47:16] Atendedor 1: Me autodestruyo
[04/01/20 19:47:16] Atendedor 3: Me autodestruyo
[04/01/20 19:47:16] Atendedor 2: Me autodestruyo
[04/01/20 19:47:16] Sistema: El coordinador ha fallecido
[04/01/20 19:47:16] Sistema: Se ha acabado el programa
----------------------------------------------------

[04/01/20 19:47:18] Sistema: EMPIEZA
[04/01/20 19:47:24] Sistema: Ha llegado la senial de fin de programa.
[04/01/20 19:47:25] Atendedor 3: Me autodestruyo
[04/01/20 19:47:25] Atendedor 2: Me autodestruyo
[04/01/20 19:47:25] Atendedor 1: Me autodestruyo
[04/01/20 19:47:25] Sistema: El coordinador ha fallecido
[04/01/20 19:47:25] Sistema: Se ha acabado el programa
----------------------------------------------------

[04/01/20 19:49:28] Sistema: EMPIEZA
[04/01/20 19:50:18] Solicitud 1: Acabo de entrar en el sistema, soy de tipo Invitación.
[04/01/20 19:50:18] Atendedor 2: Estoy atendiendo a la solicitud 1.
[04/01/20 19:50:18] Atendedor 2: Ya he acabado de atender a la solicitud 1, que tiene todo en regla.
[04/01/20 19:50:22] Solicitud 1: Estoy lista para participar en la actividad social.
